#
# There is insufficient memory for the Java Runtime Environment to continue.
# Native memory allocation (malloc) failed to allocate 90896 bytes for Chunk::new
# Possible reasons:
#   The system is out of physical RAM or swap space
#   In 32 bit mode, the process size limit was hit
# Possible solutions:
#   Reduce memory load on the system
#   Increase physical memory or swap space
#   Check if swap backing store is full
#   Use 64 bit Java on a 64 bit OS
#   Decrease Java heap size (-Xmx/-Xms)
#   Decrease number of Java threads
#   Decrease Java thread stack sizes (-Xss)
#   Set larger code cache with -XX:ReservedCodeCacheSize=
# This output file may be truncated or incomplete.
#
#  Out of Memory Error (allocation.cpp:390), pid=10192, tid=0x0000000000000548
#
# JRE version: Java(TM) SE Runtime Environment (8.0_111-b14) (build 1.8.0_111-b14)
# Java VM: Java HotSpot(TM) 64-Bit Server VM (25.111-b14 mixed mode windows-amd64 compressed oops)
# Failed to write core dump. Minidumps are not enabled by default on client versions of Windows
#

---------------  T H R E A D  ---------------

Current thread (0x0000000013deb000):  JavaThread "C2 CompilerThread0" daemon [_thread_in_native, id=1352, stack(0x0000000015450000,0x0000000015550000)]

Stack: [0x0000000015450000,0x0000000015550000]
[error occurred during error reporting (printing stack bounds), id 0xc0000005]

Native frames: (J=compiled Java code, j=interpreted, Vv=VM code, C=native code)


Current CompileTask:
C2:   4033  473   !   4       sun.awt.image.PNGImageDecoder::produceImage (1916 bytes)


---------------  P R O C E S S  ---------------

Java Threads: ( => current thread )
  0x000000001650f000 JavaThread "Image Fetcher 1" daemon [_thread_blocked, id=9652, stack(0x0000000017b70000,0x0000000017c70000)]
  0x0000000002920800 JavaThread "DestroyJavaVM" [_thread_blocked, id=10200, stack(0x00000000027c0000,0x00000000028c0000)]
  0x000000001640e800 JavaThread "AWT-EventQueue-0" [_thread_blocked, id=9996, stack(0x0000000016f30000,0x0000000017030000)]
  0x000000001625f800 JavaThread "Image Fetcher 0" daemon [_thread_in_Java, id=5328, stack(0x0000000016e30000,0x0000000016f30000)]
  0x0000000015b4b800 JavaThread "AWT-Windows" daemon [_thread_in_native, id=848, stack(0x0000000016140000,0x0000000016240000)]
  0x0000000015b46800 JavaThread "AWT-Shutdown" [_thread_blocked, id=9716, stack(0x0000000016040000,0x0000000016140000)]
  0x0000000015b45800 JavaThread "Java2D Disposer" daemon [_thread_blocked, id=8976, stack(0x0000000015ea0000,0x0000000015fa0000)]
  0x0000000015782800 JavaThread "Service Thread" daemon [_thread_blocked, id=3900, stack(0x0000000015b50000,0x0000000015c50000)]
  0x0000000013df2800 JavaThread "C1 CompilerThread2" daemon [_thread_blocked, id=8964, stack(0x0000000015650000,0x0000000015750000)]
  0x0000000013dee800 JavaThread "C2 CompilerThread1" daemon [_thread_blocked, id=9512, stack(0x0000000015550000,0x0000000015650000)]
=>0x0000000013deb000 JavaThread "C2 CompilerThread0" daemon [_thread_in_native, id=1352, stack(0x0000000015450000,0x0000000015550000)]
  0x0000000013df5000 JavaThread "Attach Listener" daemon [_thread_blocked, id=8564, stack(0x0000000015350000,0x0000000015450000)]
  0x0000000013df3800 JavaThread "Signal Dispatcher" daemon [_thread_blocked, id=9500, stack(0x0000000015250000,0x0000000015350000)]
  0x0000000013dda800 JavaThread "Finalizer" daemon [_thread_blocked, id=9856, stack(0x0000000015050000,0x0000000015150000)]
  0x0000000002a0f000 JavaThread "Reference Handler" daemon [_thread_blocked, id=9772, stack(0x0000000014f50000,0x0000000015050000)]

Other Threads:
  0x0000000013db7800 VMThread [stack: 0x0000000014e50000,0x0000000014f50000] [id=9264]
  0x0000000015784800 WatcherThread [stack: 0x0000000015c50000,0x0000000015d50000] [id=9244]

VM state:not at safepoint (normal execution)

VM Mutex/Monitor currently owned by a thread: None

Heap:
 PSYoungGen      total 9728K, used 8890K [0x00000000f5b80000, 0x00000000f6600000, 0x0000000100000000)
  eden space 8704K, 90% used [0x00000000f5b80000,0x00000000f632f0f0,0x00000000f6400000)
  from space 1024K, 99% used [0x00000000f6400000,0x00000000f64ff810,0x00000000f6500000)
  to   space 1024K, 0% used [0x00000000f6500000,0x00000000f6500000,0x00000000f6600000)
 ParOldGen       total 22016K, used 2618K [0x00000000e1200000, 0x00000000e2780000, 0x00000000f5b80000)
  object space 22016K, 11% used [0x00000000e1200000,0x00000000e148e8c0,0x00000000e2780000)
 Metaspace       used 9728K, capacity 9972K, committed 10112K, reserved 1058816K
  class space    used 1192K, capacity 1295K, committed 1408K, reserved 1048576K

Card table byte_map: [0x0000000011ee0000,0x0000000011fe0000] byte_map_base: 0x00000000117d7000

Marking Bits: (ParMarkBitMap*) 0x000000005ce5a6c0
 Begin Bits: [0x00000000123e0000, 0x0000000012b98000)
 End Bits:   [0x0000000012b98000, 0x0000000013350000)

Polling page: 0x00000000007f0000

CodeCache: size=245760Kb used=2268Kb max_used=2281Kb free=243491Kb
 bounds [0x0000000002b20000, 0x0000000002d90000, 0x0000000011b20000]
 total_blobs=949 nmethods=494 adapters=369
 compilation: enabled

Compilation events (10 events):
Event: 3.759 Thread 0x0000000013df2800 nmethod 490 0x0000000002d543d0 code [0x0000000002d54540, 0x0000000002d54790]
Event: 3.766 Thread 0x0000000013df2800  492       3       java.util.zip.Inflater::ensureOpen (47 bytes)
Event: 3.767 Thread 0x0000000013df2800 nmethod 492 0x0000000002d54850 code [0x0000000002d549c0, 0x0000000002d54ca8]
Event: 3.769 Thread 0x0000000013df2800  493       3       sun.awt.image.ImageDecoder::setPixels (58 bytes)
Event: 3.771 Thread 0x0000000013df2800 nmethod 493 0x0000000002d54dd0 code [0x0000000002d54f80, 0x0000000002d55788]
Event: 3.779 Thread 0x0000000013df2800  494       3       java.util.Calendar::internalSet (8 bytes)
Event: 3.780 Thread 0x0000000013df2800 nmethod 494 0x0000000002d58d90 code [0x0000000002d58ee0, 0x0000000002d59050]
Event: 3.780 Thread 0x0000000013dee800 nmethod 491% 0x0000000002d59150 code [0x0000000002d592a0, 0x0000000002d598d8]
Event: 3.906 Thread 0x0000000013dee800  495       4       sun.awt.image.PNGImageDecoder::filterRow (459 bytes)
Event: 3.971 Thread 0x0000000013dee800 nmethod 495 0x0000000002d56a50 code [0x0000000002d56ba0, 0x0000000002d57598]

GC Heap History (2 events):
Event: 1.991 GC heap before
{Heap before GC invocations=1 (full 0):
 PSYoungGen      total 9728K, used 8195K [0x00000000f5b80000, 0x00000000f6600000, 0x0000000100000000)
  eden space 8704K, 94% used [0x00000000f5b80000,0x00000000f6380c50,0x00000000f6400000)
  from space 1024K, 0% used [0x00000000f6500000,0x00000000f6500000,0x00000000f6600000)
  to   space 1024K, 0% used [0x00000000f6400000,0x00000000f6400000,0x00000000f6500000)
 ParOldGen       total 22016K, used 0K [0x00000000e1200000, 0x00000000e2780000, 0x00000000f5b80000)
  object space 22016K, 0% used [0x00000000e1200000,0x00000000e1200000,0x00000000e2780000)
 Metaspace       used 8872K, capacity 9134K, committed 9472K, reserved 1056768K
  class space    used 1077K, capacity 1165K, committed 1280K, reserved 1048576K
Event: 2.003 GC heap after
Heap after GC invocations=1 (full 0):
 PSYoungGen      total 9728K, used 1022K [0x00000000f5b80000, 0x00000000f6600000, 0x0000000100000000)
  eden space 8704K, 0% used [0x00000000f5b80000,0x00000000f5b80000,0x00000000f6400000)
  from space 1024K, 99% used [0x00000000f6400000,0x00000000f64ff810,0x00000000f6500000)
  to   space 1024K, 0% used [0x00000000f6500000,0x00000000f6500000,0x00000000f6600000)
 ParOldGen       total 22016K, used 2618K [0x00000000e1200000, 0x00000000e2780000, 0x00000000f5b80000)
  object space 22016K, 11% used [0x00000000e1200000,0x00000000e148e8c0,0x00000000e2780000)
 Metaspace       used 8872K, capacity 9134K, committed 9472K, reserved 1056768K
  class space    used 1077K, capacity 1165K, committed 1280K, reserved 1048576K
}

Deoptimization events (2 events):
Event: 1.011 Thread 0x0000000002920800 Uncommon trap: reason=null_check action=make_not_entrant pc=0x0000000002c9dd1c method=java.lang.String.equals(Ljava/lang/Object;)Z @ 8
Event: 3.735 Thread 0x000000001625f800 Uncommon trap: reason=unstable_if action=reinterpret pc=0x0000000002ce0c18 method=sun.awt.image.PNGImageDecoder.filterRow([B[BIII)V @ 384

Internal exceptions (10 events):
Event: 0.171 Thread 0x0000000002920800 Exception <a 'java/lang/NoSuchMethodError': Method sun.misc.Unsafe.prefetchRead(Ljava/lang/Object;J)V name or signature does not match> (0x00000000f5b87f60) thrown at [C:\re\workspace\8-2-build-windows-amd64-cygwin\jdk8u111\7883\hotspot\src\share\vm\prims
Event: 0.532 Thread 0x0000000002920800 Exception <a 'java/security/PrivilegedActionException'> (0x00000000f5c338b0) thrown at [C:\re\workspace\8-2-build-windows-amd64-cygwin\jdk8u111\7883\hotspot\src\share\vm\prims\jvm.cpp, line 1386]
Event: 0.532 Thread 0x0000000002920800 Exception <a 'java/security/PrivilegedActionException'> (0x00000000f5c33ac0) thrown at [C:\re\workspace\8-2-build-windows-amd64-cygwin\jdk8u111\7883\hotspot\src\share\vm\prims\jvm.cpp, line 1386]
Event: 0.536 Thread 0x0000000002920800 Exception <a 'java/security/PrivilegedActionException'> (0x00000000f5c37708) thrown at [C:\re\workspace\8-2-build-windows-amd64-cygwin\jdk8u111\7883\hotspot\src\share\vm\prims\jvm.cpp, line 1386]
Event: 0.536 Thread 0x0000000002920800 Exception <a 'java/security/PrivilegedActionException'> (0x00000000f5c37918) thrown at [C:\re\workspace\8-2-build-windows-amd64-cygwin\jdk8u111\7883\hotspot\src\share\vm\prims\jvm.cpp, line 1386]
Event: 0.557 Thread 0x0000000002920800 Exception <a 'java/io/FileNotFoundException'> (0x00000000f5c3aae0) thrown at [C:\re\workspace\8-2-build-windows-amd64-cygwin\jdk8u111\7883\hotspot\src\share\vm\prims\jni.cpp, line 709]
Event: 0.715 Thread 0x0000000002920800 Exception <a 'java/lang/NoSuchFieldError': method resolution failed> (0x00000000f5d07fe0) thrown at [C:\re\workspace\8-2-build-windows-amd64-cygwin\jdk8u111\7883\hotspot\src\share\vm\prims\methodHandles.cpp, line 1146]
Event: 0.721 Thread 0x0000000002920800 Exception <a 'java/lang/NoSuchFieldError': method resolution failed> (0x00000000f5d153e8) thrown at [C:\re\workspace\8-2-build-windows-amd64-cygwin\jdk8u111\7883\hotspot\src\share\vm\prims\methodHandles.cpp, line 1146]
Event: 0.894 Thread 0x0000000002920800 Exception <a 'java/io/FileNotFoundException'> (0x00000000f5da9948) thrown at [C:\re\workspace\8-2-build-windows-amd64-cygwin\jdk8u111\7883\hotspot\src\share\vm\prims\jni.cpp, line 709]
Event: 1.011 Thread 0x0000000002920800 Implicit null exception at 0x0000000002c9db5b to 0x0000000002c9dd0d

Events (10 events):
Event: 3.725 Thread 0x000000001625f800 DEOPT PACKING pc=0x0000000002cf9050 sp=0x0000000016f2ece0
Event: 3.726 Thread 0x000000001625f800 DEOPT UNPACKING pc=0x0000000002b6747f sp=0x0000000016f2eb28 mode 0
Event: 3.735 Thread 0x000000001625f800 Uncommon trap: trap_request=0xffffff65 fr.pc=0x0000000002ce0c18
Event: 3.735 Thread 0x000000001625f800 DEOPT PACKING pc=0x0000000002ce0c18 sp=0x0000000016f2ee10
Event: 3.735 Thread 0x000000001625f800 DEOPT UNPACKING pc=0x0000000002b6582a sp=0x0000000016f2ed60 mode 2
Event: 3.775 Thread 0x000000001650f000 Thread added: 0x000000001650f000
Event: 3.869 Thread 0x000000001625f800 DEOPT PACKING pc=0x0000000002cf9050 sp=0x0000000016f2ece0
Event: 3.869 Thread 0x000000001625f800 DEOPT UNPACKING pc=0x0000000002b6747f sp=0x0000000016f2eb28 mode 0
Event: 3.905 Thread 0x000000001625f800 DEOPT PACKING pc=0x0000000002d4cdee sp=0x0000000016f2ee00
Event: 3.905 Thread 0x000000001625f800 DEOPT UNPACKING pc=0x0000000002b6747f sp=0x0000000016f2eaf8 mode 0


Dynamic libraries:
0x00007ff64f130000 - 0x00007ff64f167000 	C:\Program Files\Java\jre1.8.0_111\bin\javaw.exe
0x00007ffa1ec60000 - 0x00007ffa1ee31000 	C:\WINDOWS\SYSTEM32\ntdll.dll
0x00007ffa1e740000 - 0x00007ffa1e7eb000 	C:\WINDOWS\System32\KERNEL32.DLL
0x00007ffa1bc30000 - 0x00007ffa1be4d000 	C:\WINDOWS\System32\KERNELBASE.dll
0x00007ffa1c3c0000 - 0x00007ffa1c462000 	C:\WINDOWS\System32\ADVAPI32.dll
0x00007ffa1e9b0000 - 0x00007ffa1ea4e000 	C:\WINDOWS\System32\msvcrt.dll
0x00007ffa1e7f0000 - 0x00007ffa1e849000 	C:\WINDOWS\System32\sechost.dll
0x00007ffa1c1f0000 - 0x00007ffa1c311000 	C:\WINDOWS\System32\RPCRT4.dll
0x00007ffa1dfc0000 - 0x00007ffa1e125000 	C:\WINDOWS\System32\USER32.dll
0x00007ffa1c1d0000 - 0x00007ffa1c1ee000 	C:\WINDOWS\System32\win32u.dll
0x00007ffa1e1a0000 - 0x00007ffa1e1d4000 	C:\WINDOWS\System32\GDI32.dll
0x00007ffa1b8f0000 - 0x00007ffa1ba72000 	C:\WINDOWS\System32\gdi32full.dll
0x00007ffa11590000 - 0x00007ffa1180a000 	C:\WINDOWS\WinSxS\amd64_microsoft.windows.common-controls_6595b64144ccf1df_6.0.14393.953_none_42151e83c686086b\COMCTL32.dll
0x00007ffa1e470000 - 0x00007ffa1e738000 	C:\WINDOWS\System32\combase.dll
0x00007ffa1bb30000 - 0x00007ffa1bc25000 	C:\WINDOWS\System32\ucrtbase.dll
0x00007ffa1b1a0000 - 0x00007ffa1b20a000 	C:\WINDOWS\System32\bcryptPrimitives.dll
0x00007ffa1e440000 - 0x00007ffa1e46e000 	C:\WINDOWS\System32\IMM32.DLL
0x000000005c3b0000 - 0x000000005c482000 	C:\Program Files\Java\jre1.8.0_111\bin\msvcr100.dll
0x000000005c640000 - 0x000000005ceda000 	C:\Program Files\Java\jre1.8.0_111\bin\server\jvm.dll
0x00007ffa1eb20000 - 0x00007ffa1eb28000 	C:\WINDOWS\System32\PSAPI.DLL
0x00007ffa0da60000 - 0x00007ffa0da69000 	C:\WINDOWS\SYSTEM32\WSOCK32.dll
0x00007ffa1ea50000 - 0x00007ffa1eaba000 	C:\WINDOWS\System32\WS2_32.dll
0x00007ffa194f0000 - 0x00007ffa19513000 	C:\WINDOWS\SYSTEM32\WINMM.dll
0x00007ffa0a260000 - 0x00007ffa0a26a000 	C:\WINDOWS\SYSTEM32\VERSION.dll
0x00007ffa193e0000 - 0x00007ffa1940b000 	C:\WINDOWS\SYSTEM32\WINMMBASE.dll
0x00007ffa1b150000 - 0x00007ffa1b192000 	C:\WINDOWS\System32\cfgmgr32.dll
0x000000005c550000 - 0x000000005c55f000 	C:\Program Files\Java\jre1.8.0_111\bin\verify.dll
0x000000005c520000 - 0x000000005c549000 	C:\Program Files\Java\jre1.8.0_111\bin\java.dll
0x000000005c500000 - 0x000000005c516000 	C:\Program Files\Java\jre1.8.0_111\bin\zip.dll
0x00007ffa1cab0000 - 0x00007ffa1dfb9000 	C:\WINDOWS\System32\SHELL32.dll
0x00007ffa1b210000 - 0x00007ffa1b8ea000 	C:\WINDOWS\System32\windows.storage.dll
0x00007ffa1b0e0000 - 0x00007ffa1b12c000 	C:\WINDOWS\System32\powrprof.dll
0x00007ffa1c5b0000 - 0x00007ffa1c602000 	C:\WINDOWS\System32\shlwapi.dll
0x00007ffa1b0d0000 - 0x00007ffa1b0df000 	C:\WINDOWS\System32\kernel.appcore.dll
0x00007ffa1c120000 - 0x00007ffa1c1c9000 	C:\WINDOWS\System32\shcore.dll
0x00007ffa1b130000 - 0x00007ffa1b144000 	C:\WINDOWS\System32\profapi.dll
0x000000005c200000 - 0x000000005c398000 	C:\Program Files\Java\jre1.8.0_111\bin\awt.dll
0x00007ffa1e1e0000 - 0x00007ffa1e29f000 	C:\WINDOWS\System32\OLEAUT32.dll
0x00007ffa1be50000 - 0x00007ffa1beec000 	C:\WINDOWS\System32\msvcp_win.dll
0x00007ffa19640000 - 0x00007ffa196ba000 	C:\WINDOWS\SYSTEM32\apphelp.dll
0x00007ffa18ec0000 - 0x00007ffa18ee6000 	C:\WINDOWS\system32\DWMAPI.DLL
0x00007ffa19820000 - 0x00007ffa198b5000 	C:\WINDOWS\system32\uxtheme.dll
0x00007ffa1e850000 - 0x00007ffa1e9aa000 	C:\WINDOWS\System32\MSCTF.dll
0x00007ffa03ff0000 - 0x00007ffa04088000 	C:\Program Files\Common Files\microsoft shared\ink\tiptsf.dll
0x00007ffa1c470000 - 0x00007ffa1c5a7000 	C:\WINDOWS\System32\ole32.dll
0x000000005c1b0000 - 0x000000005c1f7000 	C:\Program Files\Java\jre1.8.0_111\bin\fontmanager.dll
0x00007ffa1c320000 - 0x00007ffa1c3bf000 	C:\WINDOWS\System32\clbcatq.dll
0x00007ffa10080000 - 0x00007ffa1022a000 	C:\Windows\System32\uiautomationcore.dll
0x00007ffa1a810000 - 0x00007ffa1a82f000 	C:\Windows\System32\USERENV.dll
0x00007ffa1af60000 - 0x00007ffa1aff8000 	C:\WINDOWS\SYSTEM32\sxs.dll
0x00007ffa0c560000 - 0x00007ffa0c5c5000 	C:\Windows\System32\OLEACC.dll
0x00007ffa04df0000 - 0x00007ffa04e6d000 	C:\WINDOWS\SYSTEM32\twinapi.dll
0x00007ffa19a50000 - 0x00007ffa19b6c000 	C:\WINDOWS\SYSTEM32\twinapi.appcore.dll
0x00007ffa1b000000 - 0x00007ffa1b02b000 	C:\WINDOWS\SYSTEM32\bcrypt.dll
0x000000005c4e0000 - 0x000000005c4fa000 	C:\Program Files\Java\jre1.8.0_111\bin\net.dll
0x00007ffa1a990000 - 0x00007ffa1a9ec000 	C:\WINDOWS\system32\mswsock.dll
0x000000005c4c0000 - 0x000000005c4d1000 	C:\Program Files\Java\jre1.8.0_111\bin\nio.dll
0x000000005c160000 - 0x000000005c1a2000 	C:\Program Files\Java\jre1.8.0_111\bin\t2k.dll

VM Arguments:
jvm_args: -Dfile.encoding=Cp1252 
java_command: Pacman.MainPacman
java_class_path (initial): C:\Users\Croci Giorgio\Documents\GitHub\PacmanPi-Pi-\bin
Launcher Type: SUN_STANDARD

Environment Variables:
PATH=C:/Program Files/Java/jre1.8.0_111/bin/server;C:/Program Files/Java/jre1.8.0_111/bin;C:/Program Files/Java/jre1.8.0_111/lib/amd64;C:\ProgramData\Oracle\Java\javapath;C:\Program Files (x86)\Intel\TXE Components\TCS\;C:\Program Files\Intel\TXE Components\TCS\;C:\WINDOWS\system32;C:\WINDOWS;C:\WINDOWS\System32\Wbem;C:\WINDOWS\System32\WindowsPowerShell\v1.0\;C:\Program Files\Intel\TXE Components\DAL\;C:\Program Files (x86)\Intel\TXE Components\DAL\;C:\Program Files\Intel\TXE Components\IPT\;C:\Program Files (x86)\Intel\TXE Components\IPT\;C:\wamp64\bin\php\php7.0.10;C:\ProgramData\ComposerSetup\bin;C:\Program Files\nodejs\;C:\Program Files (x86)\Windows Live\Shared;C:\Program Files\Intel\WiFi\bin\;C:\Program Files\Common Files\Intel\WirelessCommon\;E:\pogrammi\Git\Git\cmd;C:\Program Files (x86)\QuickTime\QTSystem\;C:\Users\Croci Giorgio\AppData\Roaming\Composer\vendor\bin;C:\Users\Croci Giorgio\AppData\Roaming\npm;C:\Users\Croci Giorgio\AppData\Local\Microsoft\WindowsApps;C:\Users\Croci Giorgio\AppData\Local\atom\bin;C:\Program Files\Intel\WiFi\bin\;C:\Program Files\Common Files\Intel\WirelessCommon\;E:\pogrammi\Heroku\bin;C:\Users\Croci Giorgio\Desktop\Programmi informatica;
USERNAME=Croci Giorgio
OS=Windows_NT
PROCESSOR_IDENTIFIER=Intel64 Family 6 Model 76 Stepping 3, GenuineIntel



---------------  S Y S T E M  ---------------

OS: Windows 10.0 , 64 bit Build 14393 (10.0.14393.0)

CPU:total 4 (4 cores per cpu, 1 threads per core) family 6 model 76 stepping 3, cmov, cx8, fxsr, mmx, sse, sse2, sse3, ssse3, sse4.1, sse4.2, popcnt, aes, clmul, erms, 3dnowpref, tsc, tscinvbit

Memory: 4k page, physical 2017336k(266156k free), swap 4193420k(5316k free)

vm_info: Java HotSpot(TM) 64-Bit Server VM (25.111-b14) for windows-amd64 JRE (1.8.0_111-b14), built on Sep 22 2016 19:24:05 by "java_re" with MS VC++ 10.0 (VS2010)

time: Fri Apr 07 10:14:41 2017
elapsed time: 4 seconds (0d 0h 0m 4s)

